2015-03-25 02:48:00.690  INFO 42252 --- [main] com.gaming.ce.user.Application           : Starting Application on mactekiair with PID 42252 (/Users/hulian/git/ce/user/target/test-classes started by hulian in /Users/hulian/git/ce/user)
2015-03-25 02:48:00.789  INFO 42252 --- [main] ationConfigEmbeddedWebApplicationContext : Refreshing org.springframework.boot.context.embedded.AnnotationConfigEmbeddedWebApplicationContext@5db972d9: startup date [Wed Mar 25 02:48:00 CST 2015]; root of context hierarchy
2015-03-25 02:48:02.024  INFO 42252 --- [main] o.s.b.f.s.DefaultListableBeanFactory     : Overriding bean definition for bean 'requestMappingHandlerAdapter': replacing [Root bean: class [null]; scope=; abstract=false; lazyInit=false; autowireMode=3; dependencyCheck=0; autowireCandidate=true; primary=false; factoryBeanName=org.springframework.web.servlet.config.annotation.DelegatingWebMvcConfiguration; factoryMethodName=requestMappingHandlerAdapter; initMethodName=null; destroyMethodName=(inferred); defined in class path resource [org/springframework/web/servlet/config/annotation/DelegatingWebMvcConfiguration.class]] with [Root bean: class [null]; scope=; abstract=false; lazyInit=false; autowireMode=3; dependencyCheck=0; autowireCandidate=true; primary=false; factoryBeanName=org.springframework.boot.autoconfigure.web.WebMvcAutoConfiguration$EnableWebMvcConfiguration; factoryMethodName=requestMappingHandlerAdapter; initMethodName=null; destroyMethodName=(inferred); defined in class path resource [org/springframework/boot/autoconfigure/web/WebMvcAutoConfiguration$EnableWebMvcConfiguration.class]]
2015-03-25 02:48:02.025  INFO 42252 --- [main] o.s.b.f.s.DefaultListableBeanFactory     : Overriding bean definition for bean 'requestMappingHandlerMapping': replacing [Root bean: class [null]; scope=; abstract=false; lazyInit=false; autowireMode=3; dependencyCheck=0; autowireCandidate=true; primary=false; factoryBeanName=org.springframework.web.servlet.config.annotation.DelegatingWebMvcConfiguration; factoryMethodName=requestMappingHandlerMapping; initMethodName=null; destroyMethodName=(inferred); defined in class path resource [org/springframework/web/servlet/config/annotation/DelegatingWebMvcConfiguration.class]] with [Root bean: class [null]; scope=; abstract=false; lazyInit=false; autowireMode=3; dependencyCheck=0; autowireCandidate=true; primary=true; factoryBeanName=org.springframework.boot.autoconfigure.web.WebMvcAutoConfiguration$EnableWebMvcConfiguration; factoryMethodName=requestMappingHandlerMapping; initMethodName=null; destroyMethodName=(inferred); defined in class path resource [org/springframework/boot/autoconfigure/web/WebMvcAutoConfiguration$EnableWebMvcConfiguration.class]]
2015-03-25 02:48:03.079  INFO 42252 --- [main] trationDelegate$BeanPostProcessorChecker : Bean 'org.springframework.scheduling.annotation.ProxyAsyncConfiguration' of type [class org.springframework.scheduling.annotation.ProxyAsyncConfiguration$$EnhancerBySpringCGLIB$$4ef149fb] is not eligible for getting processed by all BeanPostProcessors (for example: not eligible for auto-proxying)
2015-03-25 02:48:03.347  INFO 42252 --- [main] trationDelegate$BeanPostProcessorChecker : Bean 'org.springframework.cache.annotation.ProxyCachingConfiguration' of type [class org.springframework.cache.annotation.ProxyCachingConfiguration$$EnhancerBySpringCGLIB$$9f2a9c18] is not eligible for getting processed by all BeanPostProcessors (for example: not eligible for auto-proxying)
2015-03-25 02:48:03.370  INFO 42252 --- [main] trationDelegate$BeanPostProcessorChecker : Bean 'cacheOperationSource' of type [class org.springframework.cache.annotation.AnnotationCacheOperationSource] is not eligible for getting processed by all BeanPostProcessors (for example: not eligible for auto-proxying)
2015-03-25 02:48:03.380  INFO 42252 --- [main] trationDelegate$BeanPostProcessorChecker : Bean 'cacheInterceptor' of type [class org.springframework.cache.interceptor.CacheInterceptor] is not eligible for getting processed by all BeanPostProcessors (for example: not eligible for auto-proxying)
2015-03-25 02:48:03.388  INFO 42252 --- [main] trationDelegate$BeanPostProcessorChecker : Bean 'org.springframework.cache.config.internalCacheAdvisor' of type [class org.springframework.cache.interceptor.BeanFactoryCacheOperationSourceAdvisor] is not eligible for getting processed by all BeanPostProcessors (for example: not eligible for auto-proxying)
2015-03-25 02:48:03.407  INFO 42252 --- [main] trationDelegate$BeanPostProcessorChecker : Bean 'org.springframework.transaction.annotation.ProxyTransactionManagementConfiguration' of type [class org.springframework.transaction.annotation.ProxyTransactionManagementConfiguration$$EnhancerBySpringCGLIB$$37ccd1ba] is not eligible for getting processed by all BeanPostProcessors (for example: not eligible for auto-proxying)
2015-03-25 02:48:03.432  INFO 42252 --- [main] trationDelegate$BeanPostProcessorChecker : Bean 'transactionAttributeSource' of type [class org.springframework.transaction.annotation.AnnotationTransactionAttributeSource] is not eligible for getting processed by all BeanPostProcessors (for example: not eligible for auto-proxying)
2015-03-25 02:48:03.444  INFO 42252 --- [main] trationDelegate$BeanPostProcessorChecker : Bean 'transactionInterceptor' of type [class org.springframework.transaction.interceptor.TransactionInterceptor] is not eligible for getting processed by all BeanPostProcessors (for example: not eligible for auto-proxying)
2015-03-25 02:48:03.448  INFO 42252 --- [main] trationDelegate$BeanPostProcessorChecker : Bean 'org.springframework.transaction.config.internalTransactionAdvisor' of type [class org.springframework.transaction.interceptor.BeanFactoryTransactionAttributeSourceAdvisor] is not eligible for getting processed by all BeanPostProcessors (for example: not eligible for auto-proxying)
2015-03-25 02:48:05.223  WARN 42252 --- [main] io.undertow.websockets.jsr               : UT026009: XNIO worker was not set on WebSocketDeploymentInfo, the default worker will be used
2015-03-25 02:48:05.248  INFO 42252 --- [main] org.xnio                                 : XNIO version 3.3.0.Final
2015-03-25 02:48:05.278  INFO 42252 --- [main] org.xnio.nio                             : XNIO NIO Implementation Version 3.3.0.Final
2015-03-25 02:48:05.339  WARN 42252 --- [main] io.undertow.websockets.jsr               : UT026010: Buffer pool was not set on WebSocketDeploymentInfo, the default pool will be used
2015-03-25 02:48:05.363  INFO 42252 --- [main] io.undertow.servlet                      : Initializing Spring embedded WebApplicationContext
2015-03-25 02:48:05.364  INFO 42252 --- [main] o.s.web.context.ContextLoader            : Root WebApplicationContext: initialization completed in 4581 ms
2015-03-25 02:48:05.626  INFO 42252 --- [main] o.s.b.c.e.ServletRegistrationBean        : Mapping servlet: 'dispatcherServlet' to [/]
2015-03-25 02:48:05.634  INFO 42252 --- [main] o.s.b.c.embedded.FilterRegistrationBean  : Mapping filter: 'characterEncodingFilter' to: [/*]
2015-03-25 02:48:06.141  INFO 42252 --- [main] s.w.s.m.m.a.RequestMappingHandlerMapping : Mapped "{[/authentication/login],methods=[POST],params=[],headers=[],consumes=[],produces=[],custom=[]}" onto public com.gaming.ce.common.Code com.gaming.ce.user.controller.AuthenticationController.login(java.lang.String,java.lang.String,javax.servlet.http.HttpServletRequest,javax.servlet.http.HttpServletResponse)
2015-03-25 02:48:06.141  INFO 42252 --- [main] s.w.s.m.m.a.RequestMappingHandlerMapping : Mapped "{[/authentication/logout],methods=[POST],params=[],headers=[],consumes=[],produces=[],custom=[]}" onto public com.gaming.ce.common.Code com.gaming.ce.user.controller.AuthenticationController.logout(javax.servlet.http.HttpServletRequest,javax.servlet.http.HttpServletResponse)
2015-03-25 02:48:06.142  INFO 42252 --- [main] s.w.s.m.m.a.RequestMappingHandlerMapping : Mapped "{[/captcha/check],methods=[GET],params=[],headers=[],consumes=[],produces=[],custom=[]}" onto public com.gaming.ce.common.Code com.gaming.ce.user.controller.CaptchaController.value(javax.servlet.http.HttpServletRequest,javax.servlet.http.HttpServletResponse,java.lang.String,java.lang.String) throws java.io.IOException
2015-03-25 02:48:06.143  INFO 42252 --- [main] s.w.s.m.m.a.RequestMappingHandlerMapping : Mapped "{[/captcha/image],methods=[GET],params=[],headers=[],consumes=[],produces=[image/jpeg],custom=[]}" onto public org.springframework.http.ResponseEntity<[B> com.gaming.ce.user.controller.CaptchaController.guest(javax.servlet.http.HttpServletRequest,javax.servlet.http.HttpServletResponse) throws java.io.IOException
2015-03-25 02:48:06.143  INFO 42252 --- [main] s.w.s.m.m.a.RequestMappingHandlerMapping : Mapped "{[/hello],methods=[],params=[],headers=[],consumes=[],produces=[],custom=[]}" onto public com.gaming.ce.user.controller.Greeting com.gaming.ce.user.controller.GreetingController.greeting(com.gaming.ce.user.controller.HelloMessage) throws java.lang.Exception
2015-03-25 02:48:06.144  INFO 42252 --- [main] s.w.s.m.m.a.RequestMappingHandlerMapping : Mapped "{[/register/regist],methods=[POST],params=[],headers=[],consumes=[],produces=[],custom=[]}" onto public org.springframework.http.ResponseEntity<java.lang.Void> com.gaming.ce.user.controller.RegisterController.regist(java.lang.String,java.lang.String)
2015-03-25 02:48:06.149  INFO 42252 --- [main] s.w.s.m.m.a.RequestMappingHandlerMapping : Mapped "{[/api-docs],methods=[GET],params=[],headers=[],consumes=[],produces=[],custom=[]}" onto public org.springframework.http.ResponseEntity<com.mangofactory.swagger.models.dto.ResourceListing> com.mangofactory.swagger.controllers.DefaultSwaggerController.getResourceListing(java.lang.String)
2015-03-25 02:48:06.150  INFO 42252 --- [main] s.w.s.m.m.a.RequestMappingHandlerMapping : Mapped "{[/api-docs/{swaggerGroup}/{apiDeclaration}],methods=[GET],params=[],headers=[],consumes=[],produces=[],custom=[]}" onto public org.springframework.http.ResponseEntity<com.mangofactory.swagger.models.dto.ApiListing> com.mangofactory.swagger.controllers.DefaultSwaggerController.getApiListing(java.lang.String,java.lang.String)
2015-03-25 02:48:06.426  INFO 42252 --- [main] s.w.s.m.m.a.RequestMappingHandlerAdapter : Looking for @ControllerAdvice: org.springframework.boot.context.embedded.AnnotationConfigEmbeddedWebApplicationContext@5db972d9: startup date [Wed Mar 25 02:48:00 CST 2015]; root of context hierarchy
2015-03-25 02:48:06.492  INFO 42252 --- [main] o.s.w.s.c.a.WebMvcConfigurerAdapter      : Adding welcome page: file:/Users/hulian/git/ce/user/static/index.html
2015-03-25 02:48:06.506  INFO 42252 --- [main] o.s.w.s.handler.SimpleUrlHandlerMapping  : Root mapping to handler of type [class org.springframework.web.servlet.mvc.ParameterizableViewController]
2015-03-25 02:48:06.521  INFO 42252 --- [main] o.s.w.s.handler.SimpleUrlHandlerMapping  : Mapped URL path [/**] onto handler of type [class org.springframework.web.servlet.resource.ResourceHttpRequestHandler]
2015-03-25 02:48:06.522  INFO 42252 --- [main] o.s.w.s.handler.SimpleUrlHandlerMapping  : Mapped URL path [/webjars/**] onto handler of type [class org.springframework.web.servlet.resource.ResourceHttpRequestHandler]
2015-03-25 02:48:06.578  INFO 42252 --- [main] o.s.w.s.handler.SimpleUrlHandlerMapping  : Mapped URL path [/**/favicon.ico] onto handler of type [class org.springframework.web.servlet.resource.ResourceHttpRequestHandler]
2015-03-25 02:48:06.684  INFO 42252 --- [main] o.s.s.concurrent.ThreadPoolTaskExecutor  : Initializing ExecutorService  'clientInboundChannelExecutor'
2015-03-25 02:48:06.706  INFO 42252 --- [main] o.s.s.concurrent.ThreadPoolTaskExecutor  : Initializing ExecutorService  'clientOutboundChannelExecutor'
2015-03-25 02:48:06.751  INFO 42252 --- [main] o.s.s.c.ThreadPoolTaskScheduler          : Initializing ExecutorService  'messageBrokerSockJsTaskScheduler'
2015-03-25 02:48:06.882  INFO 42252 --- [main] o.s.w.s.handler.SimpleUrlHandlerMapping  : Mapped URL path [/hello/**] onto handler of type [class org.springframework.web.socket.sockjs.support.SockJsHttpRequestHandler]
2015-03-25 02:48:06.921  INFO 42252 --- [main] o.s.s.concurrent.ThreadPoolTaskExecutor  : Initializing ExecutorService  'brokerChannelExecutor'
2015-03-25 02:48:07.074  INFO 42252 --- [main] s.a.s.SimpAnnotationMethodMessageHandler : Mapped "{[/hello],messageType=[MESSAGE]}" onto public com.gaming.ce.user.controller.Greeting com.gaming.ce.user.controller.GreetingController.greeting(com.gaming.ce.user.controller.HelloMessage) throws java.lang.Exception
2015-03-25 02:48:07.359  INFO 42252 --- [main] o.s.j.e.a.AnnotationMBeanExporter        : Registering beans for JMX exposure on startup
2015-03-25 02:48:07.362  INFO 42252 --- [main] o.s.j.e.a.AnnotationMBeanExporter        : Bean with name 'dataSource' has been autodetected for JMX exposure
2015-03-25 02:48:07.369  INFO 42252 --- [main] o.s.j.e.a.AnnotationMBeanExporter        : Located MBean 'dataSource': registering with JMX server as MBean [com.jolbox.bonecp:name=dataSource,type=BoneCPDataSource]
2015-03-25 02:48:07.374  INFO 42252 --- [main] o.s.c.support.DefaultLifecycleProcessor  : Starting beans in phase 2147483647
2015-03-25 02:48:07.375  INFO 42252 --- [main] o.s.m.s.b.SimpleBrokerMessageHandler     : Starting...
2015-03-25 02:48:07.375  INFO 42252 --- [main] o.s.m.s.b.SimpleBrokerMessageHandler     : BrokerAvailabilityEvent[available=true, SimpleBroker[DefaultSubscriptionRegistry[cache[0 destination(s)], registry[0 sessions]]]]
2015-03-25 02:48:07.376  INFO 42252 --- [main] o.s.m.s.b.SimpleBrokerMessageHandler     : Started.
2015-03-25 02:48:07.411  INFO 42252 --- [main] c.m.swagger.plugin.SwaggerPluginAdapter  : Context refreshed
2015-03-25 02:48:07.412  INFO 42252 --- [main] c.m.swagger.plugin.SwaggerPluginAdapter  : Found custom SwaggerSpringMvcPlugins
2015-03-25 02:48:07.412  INFO 42252 --- [main] c.m.swagger.plugin.SwaggerPluginAdapter  : initializing plugin bean customImplementation
2015-03-25 02:48:07.427  INFO 42252 --- [main] c.m.s.s.ApiListingReferenceScanner       : Scanning for api listing references
2015-03-25 02:48:07.431  INFO 42252 --- [main] s.c.ClassOrApiAnnotationResourceGrouping : Group for method login was authentication
2015-03-25 02:48:07.436  INFO 42252 --- [main] c.m.s.s.ApiListingReferenceScanner       : Request mapping: login belongs to groups: [[ResourceGroup{groupName='authentication', position=0}]] 
2015-03-25 02:48:07.437  INFO 42252 --- [main] c.m.s.s.ApiListingReferenceScanner       : Adding resource to group:ResourceGroup{groupName='authentication', position=0} with description:登录 for handler method:login
2015-03-25 02:48:07.438  INFO 42252 --- [main] s.c.ClassOrApiAnnotationResourceGrouping : Group for method logout was authentication
2015-03-25 02:48:07.438  INFO 42252 --- [main] c.m.s.s.ApiListingReferenceScanner       : Request mapping: logout belongs to groups: [[ResourceGroup{groupName='authentication', position=0}]] 
2015-03-25 02:48:07.438  INFO 42252 --- [main] c.m.s.s.ApiListingReferenceScanner       : Adding resource to group:ResourceGroup{groupName='authentication', position=0} with description:登录 for handler method:logout
2015-03-25 02:48:07.439  INFO 42252 --- [main] s.c.ClassOrApiAnnotationResourceGrouping : Group for method value was captcha
2015-03-25 02:48:07.440  INFO 42252 --- [main] c.m.s.s.ApiListingReferenceScanner       : Request mapping: value belongs to groups: [[ResourceGroup{groupName='captcha', position=0}]] 
2015-03-25 02:48:07.440  INFO 42252 --- [main] c.m.s.s.ApiListingReferenceScanner       : Adding resource to group:ResourceGroup{groupName='captcha', position=0} with description:验证码 for handler method:value
2015-03-25 02:48:07.440  INFO 42252 --- [main] s.c.ClassOrApiAnnotationResourceGrouping : Group for method guest was captcha
2015-03-25 02:48:07.441  INFO 42252 --- [main] c.m.s.s.ApiListingReferenceScanner       : Request mapping: guest belongs to groups: [[ResourceGroup{groupName='captcha', position=0}]] 
2015-03-25 02:48:07.441  INFO 42252 --- [main] c.m.s.s.ApiListingReferenceScanner       : Adding resource to group:ResourceGroup{groupName='captcha', position=0} with description:验证码 for handler method:guest
2015-03-25 02:48:07.442  INFO 42252 --- [main] s.c.ClassOrApiAnnotationResourceGrouping : Group for method greeting was greeting-controller
2015-03-25 02:48:07.443  INFO 42252 --- [main] c.m.s.s.ApiListingReferenceScanner       : Request mapping: greeting belongs to groups: [[ResourceGroup{groupName='greeting-controller', position=0}]] 
2015-03-25 02:48:07.443  INFO 42252 --- [main] c.m.s.s.ApiListingReferenceScanner       : Adding resource to group:ResourceGroup{groupName='greeting-controller', position=0} with description:Greeting Controller for handler method:greeting
2015-03-25 02:48:07.445  INFO 42252 --- [main] s.c.ClassOrApiAnnotationResourceGrouping : Group for method regist was register
2015-03-25 02:48:07.445  INFO 42252 --- [main] c.m.s.s.ApiListingReferenceScanner       : Request mapping: regist belongs to groups: [[ResourceGroup{groupName='register', position=0}]] 
2015-03-25 02:48:07.446  INFO 42252 --- [main] c.m.s.s.ApiListingReferenceScanner       : Adding resource to group:ResourceGroup{groupName='register', position=0} with description:注册 for handler method:regist
2015-03-25 02:48:07.446  INFO 42252 --- [main] c.m.s.core.RequestMappingEvaluator       : Excluding method as it contains the excluded annotation: interface com.mangofactory.swagger.annotations.ApiIgnore
2015-03-25 02:48:07.446  INFO 42252 --- [main] c.m.s.core.RequestMappingEvaluator       : Excluding method as it contains the excluded annotation: interface com.mangofactory.swagger.annotations.ApiIgnore
2015-03-25 02:48:07.457  INFO 42252 --- [main] c.m.s.s.ApiListingReferenceScanner       : Created resource listing Path: /default/captcha Description: captcha Position: 0
2015-03-25 02:48:07.457  INFO 42252 --- [main] c.m.s.s.ApiListingReferenceScanner       : Created resource listing Path: /default/authentication Description: authentication Position: 0
2015-03-25 02:48:07.458  INFO 42252 --- [main] c.m.s.s.ApiListingReferenceScanner       : Created resource listing Path: /default/register Description: register Position: 0
2015-03-25 02:48:07.458  INFO 42252 --- [main] c.m.s.s.ApiListingReferenceScanner       : Created resource listing Path: /default/greeting-controller Description: greeting-controller Position: 0
2015-03-25 02:48:07.504  INFO 42252 --- [main] c.m.s.r.operation.OperationAuthReader    : Authorization count value for method 0
2015-03-25 02:48:07.631  INFO 42252 --- [main] c.m.s.r.operation.OperationAuthReader    : Authorization count guest for method 0
2015-03-25 02:48:07.643  INFO 42252 --- [main] c.m.s.r.operation.OperationAuthReader    : Authorization count login for method 0
2015-03-25 02:48:07.657  INFO 42252 --- [main] c.m.s.r.operation.OperationAuthReader    : Authorization count logout for method 0
2015-03-25 02:48:07.669  INFO 42252 --- [main] c.m.s.r.operation.OperationAuthReader    : Authorization count regist for method 0
2015-03-25 02:48:07.676  INFO 42252 --- [main] c.m.s.r.operation.OperationAuthReader    : Authorization count greeting for method 0
2015-03-25 02:48:07.677  INFO 42252 --- [main] c.m.s.r.operation.OperationAuthReader    : Authorization count greeting for method 0
2015-03-25 02:48:07.679  INFO 42252 --- [main] c.m.s.r.operation.OperationAuthReader    : Authorization count greeting for method 0
2015-03-25 02:48:07.681  INFO 42252 --- [main] c.m.s.r.operation.OperationAuthReader    : Authorization count greeting for method 0
2015-03-25 02:48:07.682  INFO 42252 --- [main] c.m.s.r.operation.OperationAuthReader    : Authorization count greeting for method 0
2015-03-25 02:48:07.684  INFO 42252 --- [main] c.m.s.r.operation.OperationAuthReader    : Authorization count greeting for method 0
2015-03-25 02:48:07.686  INFO 42252 --- [main] c.m.s.r.operation.OperationAuthReader    : Authorization count greeting for method 0
2015-03-25 02:48:07.688  INFO 42252 --- [main] c.m.s.r.operation.OperationAuthReader    : Authorization count greeting for method 0
2015-03-25 02:48:07.703  INFO 42252 --- [main] c.m.s.core.SwaggerApiResourceListing     : Added a resource listing with (4) api resources: 
2015-03-25 02:48:07.703  INFO 42252 --- [main] c.m.s.core.SwaggerApiResourceListing     :   登录 at location: /api-docs/default/authentication
2015-03-25 02:48:07.704  INFO 42252 --- [main] c.m.s.core.SwaggerApiResourceListing     :   验证码 at location: /api-docs/default/captcha
2015-03-25 02:48:07.704  INFO 42252 --- [main] c.m.s.core.SwaggerApiResourceListing     :   Greeting Controller at location: /api-docs/default/greeting-controller
2015-03-25 02:48:07.704  INFO 42252 --- [main] c.m.s.core.SwaggerApiResourceListing     :   注册 at location: /api-docs/default/register
2015-03-25 02:48:07.849  INFO 42252 --- [main] b.c.e.u.UndertowEmbeddedServletContainer : Undertow started on port(s) 8081 (http)
2015-03-25 02:48:07.852  INFO 42252 --- [main] com.gaming.ce.user.Application           : Started Application in 7.568 seconds (JVM running for 9.328)
2015-03-25 02:49:06.916  INFO 42252 --- [MessageBrokerSockJS-1] o.s.w.s.c.WebSocketMessageBrokerStats    : WebSocketSession[0 current WS(0)-HttpStream(0)-HttpPoll(0), 0 total, 0 closed abnormally (0 connect failure, 0 send limit, 0 transport error)], stompSubProtocol[processed CONNECT(0)-CONNECTED(0)-DISCONNECT(0)], stompBrokerRelay[null], inboundChannel[pool size = 0, active threads = 0, queued tasks = 0, completed tasks = 0], outboundChannelpool size = 0, active threads = 0, queued tasks = 0, completed tasks = 0], sockJsScheduler[pool size = 1, active threads = 1, queued tasks = 0, completed tasks = 0]
2015-03-25 02:49:19.484  INFO 42252 --- [XNIO-2 task-1] io.undertow.servlet                      : Initializing Spring FrameworkServlet 'dispatcherServlet'
2015-03-25 02:49:19.484  INFO 42252 --- [XNIO-2 task-1] o.s.web.servlet.DispatcherServlet        : FrameworkServlet 'dispatcherServlet': initialization started
2015-03-25 02:49:19.509  INFO 42252 --- [XNIO-2 task-1] o.s.web.servlet.DispatcherServlet        : FrameworkServlet 'dispatcherServlet': initialization completed in 25 ms
2015-03-25 02:49:20.687  INFO 42252 --- [XNIO-2 task-1] o.s.b.f.xml.XmlBeanDefinitionReader      : Loading XML bean definitions from class path resource [org/springframework/jdbc/support/sql-error-codes.xml]
2015-03-25 02:49:20.825  INFO 42252 --- [XNIO-2 task-1] o.s.jdbc.support.SQLErrorCodesFactory    : SQLErrorCodes loaded: [DB2, Derby, H2, HSQL, Informix, MS-SQL, MySQL, Oracle, PostgreSQL, Sybase, Hana]
2015-03-25 02:49:20.877 ERROR 42252 --- [XNIO-2 task-1] io.undertow.request                      : UT005023: Exception handling request to /rest/authentication/login

org.springframework.web.util.NestedServletException: Request processing failed; nested exception is org.springframework.jdbc.BadSqlGrammarException: PreparedStatementCallback; bad SQL grammar [SELECT password FROM User WHERE userName=? ]; nested exception is org.h2.jdbc.JdbcSQLException: Table "USER" not found; SQL statement:
SELECT password FROM User WHERE userName=?  [42102-185]
	at org.springframework.web.servlet.FrameworkServlet.processRequest(FrameworkServlet.java:978)
	at org.springframework.web.servlet.FrameworkServlet.doPost(FrameworkServlet.java:868)
	at javax.servlet.http.HttpServlet.service(HttpServlet.java:707)
	at org.springframework.web.servlet.FrameworkServlet.service(FrameworkServlet.java:842)
	at javax.servlet.http.HttpServlet.service(HttpServlet.java:790)
	at io.undertow.servlet.handlers.ServletHandler.handleRequest(ServletHandler.java:85)
	at io.undertow.servlet.handlers.FilterHandler$FilterChainImpl.doFilter(FilterHandler.java:130)
	at org.springframework.web.filter.CharacterEncodingFilter.doFilterInternal(CharacterEncodingFilter.java:88)
	at org.springframework.web.filter.OncePerRequestFilter.doFilter(OncePerRequestFilter.java:107)
	at io.undertow.servlet.core.ManagedFilter.doFilter(ManagedFilter.java:60)
	at io.undertow.servlet.handlers.FilterHandler$FilterChainImpl.doFilter(FilterHandler.java:132)
	at io.undertow.servlet.handlers.FilterHandler.handleRequest(FilterHandler.java:85)
	at io.undertow.servlet.handlers.security.ServletSecurityRoleHandler.handleRequest(ServletSecurityRoleHandler.java:61)
	at io.undertow.servlet.handlers.ServletDispatchingHandler.handleRequest(ServletDispatchingHandler.java:36)
	at io.undertow.servlet.handlers.security.SSLInformationAssociationHandler.handleRequest(SSLInformationAssociationHandler.java:131)
	at io.undertow.servlet.handlers.security.ServletAuthenticationCallHandler.handleRequest(ServletAuthenticationCallHandler.java:56)
	at io.undertow.server.handlers.PredicateHandler.handleRequest(PredicateHandler.java:43)
	at io.undertow.security.handlers.AbstractConfidentialityHandler.handleRequest(AbstractConfidentialityHandler.java:45)
	at io.undertow.servlet.handlers.security.ServletConfidentialityConstraintHandler.handleRequest(ServletConfidentialityConstraintHandler.java:63)
	at io.undertow.security.handlers.AuthenticationMechanismsHandler.handleRequest(AuthenticationMechanismsHandler.java:58)
	at io.undertow.servlet.handlers.security.CachedAuthenticatedSessionHandler.handleRequest(CachedAuthenticatedSessionHandler.java:70)
	at io.undertow.security.handlers.SecurityInitialHandler.handleRequest(SecurityInitialHandler.java:76)
	at io.undertow.server.handlers.PredicateHandler.handleRequest(PredicateHandler.java:43)
	at io.undertow.server.handlers.PredicateHandler.handleRequest(PredicateHandler.java:43)
	at io.undertow.servlet.handlers.ServletInitialHandler.handleFirstRequest(ServletInitialHandler.java:261)
	at io.undertow.servlet.handlers.ServletInitialHandler.dispatchRequest(ServletInitialHandler.java:247)
	at io.undertow.servlet.handlers.ServletInitialHandler.access$000(ServletInitialHandler.java:76)
	at io.undertow.servlet.handlers.ServletInitialHandler$1.handleRequest(ServletInitialHandler.java:166)
	at io.undertow.server.Connectors.executeRootHandler(Connectors.java:197)
	at io.undertow.server.HttpServerExchange$1.run(HttpServerExchange.java:759)
	at java.util.concurrent.ThreadPoolExecutor.runWorker(ThreadPoolExecutor.java:1145)
	at java.util.concurrent.ThreadPoolExecutor$Worker.run(ThreadPoolExecutor.java:615)
	at java.lang.Thread.run(Thread.java:744)
Caused by: org.springframework.jdbc.BadSqlGrammarException: PreparedStatementCallback; bad SQL grammar [SELECT password FROM User WHERE userName=? ]; nested exception is org.h2.jdbc.JdbcSQLException: Table "USER" not found; SQL statement:
SELECT password FROM User WHERE userName=?  [42102-185]
	at org.springframework.jdbc.support.SQLErrorCodeSQLExceptionTranslator.doTranslate(SQLErrorCodeSQLExceptionTranslator.java:231)
	at org.springframework.jdbc.support.AbstractFallbackSQLExceptionTranslator.translate(AbstractFallbackSQLExceptionTranslator.java:73)
	at org.springframework.jdbc.core.JdbcTemplate.execute(JdbcTemplate.java:660)
	at org.springframework.jdbc.core.JdbcTemplate.query(JdbcTemplate.java:695)
	at org.springframework.jdbc.core.JdbcTemplate.query(JdbcTemplate.java:727)
	at org.springframework.jdbc.core.JdbcTemplate.query(JdbcTemplate.java:737)
	at org.springframework.jdbc.core.JdbcTemplate.query(JdbcTemplate.java:787)
	at org.springframework.jdbc.core.JdbcTemplate.queryForList(JdbcTemplate.java:892)
	at com.gaming.ce.user.repository.impl.UserRepositoryImpl.findPasswordByUserName(UserRepositoryImpl.java:46)
	at com.gaming.ce.user.repository.impl.UserRepositoryImpl$$FastClassBySpringCGLIB$$9165c0a8.invoke(<generated>)
	at org.springframework.cglib.proxy.MethodProxy.invoke(MethodProxy.java:204)
	at org.springframework.aop.framework.CglibAopProxy$CglibMethodInvocation.invokeJoinpoint(CglibAopProxy.java:717)
	at org.springframework.aop.framework.ReflectiveMethodInvocation.proceed(ReflectiveMethodInvocation.java:157)
	at org.springframework.dao.support.PersistenceExceptionTranslationInterceptor.invoke(PersistenceExceptionTranslationInterceptor.java:136)
	at org.springframework.aop.framework.ReflectiveMethodInvocation.proceed(ReflectiveMethodInvocation.java:179)
	at org.springframework.aop.framework.CglibAopProxy$DynamicAdvisedInterceptor.intercept(CglibAopProxy.java:653)
	at com.gaming.ce.user.repository.impl.UserRepositoryImpl$$EnhancerBySpringCGLIB$$d5f27f09.findPasswordByUserName(<generated>)
	at com.gaming.ce.user.service.impl.AuthenticationServiceImpl.login(AuthenticationServiceImpl.java:45)
	at sun.reflect.NativeMethodAccessorImpl.invoke0(Native Method)
	at sun.reflect.NativeMethodAccessorImpl.invoke(NativeMethodAccessorImpl.java:57)
	at sun.reflect.DelegatingMethodAccessorImpl.invoke(DelegatingMethodAccessorImpl.java:43)
	at java.lang.reflect.Method.invoke(Method.java:606)
	at org.springframework.aop.support.AopUtils.invokeJoinpointUsingReflection(AopUtils.java:317)
	at org.springframework.aop.framework.ReflectiveMethodInvocation.invokeJoinpoint(ReflectiveMethodInvocation.java:190)
	at org.springframework.aop.framework.ReflectiveMethodInvocation.proceed(ReflectiveMethodInvocation.java:157)
	at org.springframework.transaction.interceptor.TransactionInterceptor$1.proceedWithInvocation(TransactionInterceptor.java:99)
	at org.springframework.transaction.interceptor.TransactionAspectSupport.invokeWithinTransaction(TransactionAspectSupport.java:281)
	at org.springframework.transaction.interceptor.TransactionInterceptor.invoke(TransactionInterceptor.java:96)
	at org.springframework.aop.framework.ReflectiveMethodInvocation.proceed(ReflectiveMethodInvocation.java:179)
	at org.springframework.aop.framework.JdkDynamicAopProxy.invoke(JdkDynamicAopProxy.java:207)
	at com.sun.proxy.$Proxy58.login(Unknown Source)
	at com.gaming.ce.user.controller.AuthenticationController.login(AuthenticationController.java:33)
	at sun.reflect.NativeMethodAccessorImpl.invoke0(Native Method)
	at sun.reflect.NativeMethodAccessorImpl.invoke(NativeMethodAccessorImpl.java:57)
	at sun.reflect.DelegatingMethodAccessorImpl.invoke(DelegatingMethodAccessorImpl.java:43)
	at java.lang.reflect.Method.invoke(Method.java:606)
	at org.springframework.web.method.support.InvocableHandlerMethod.doInvoke(InvocableHandlerMethod.java:221)
	at org.springframework.web.method.support.InvocableHandlerMethod.invokeForRequest(InvocableHandlerMethod.java:137)
	at org.springframework.web.servlet.mvc.method.annotation.ServletInvocableHandlerMethod.invokeAndHandle(ServletInvocableHandlerMethod.java:110)
	at org.springframework.web.servlet.mvc.method.annotation.RequestMappingHandlerAdapter.invokeHandleMethod(RequestMappingHandlerAdapter.java:777)
	at org.springframework.web.servlet.mvc.method.annotation.RequestMappingHandlerAdapter.handleInternal(RequestMappingHandlerAdapter.java:706)
	at org.springframework.web.servlet.mvc.method.AbstractHandlerMethodAdapter.handle(AbstractHandlerMethodAdapter.java:85)
	at org.springframework.web.servlet.DispatcherServlet.doDispatch(DispatcherServlet.java:943)
	at org.springframework.web.servlet.DispatcherServlet.doService(DispatcherServlet.java:877)
	at org.springframework.web.servlet.FrameworkServlet.processRequest(FrameworkServlet.java:966)
	... 32 common frames omitted
Caused by: org.h2.jdbc.JdbcSQLException: Table "USER" not found; SQL statement:
SELECT password FROM User WHERE userName=?  [42102-185]
	at org.h2.message.DbException.getJdbcSQLException(DbException.java:345)
	at org.h2.message.DbException.get(DbException.java:179)
	at org.h2.message.DbException.get(DbException.java:155)
	at org.h2.command.Parser.readTableOrView(Parser.java:5239)
	at org.h2.command.Parser.readTableFilter(Parser.java:1227)
	at org.h2.command.Parser.parseSelectSimpleFromPart(Parser.java:1866)
	at org.h2.command.Parser.parseSelectSimple(Parser.java:1975)
	at org.h2.command.Parser.parseSelectSub(Parser.java:1860)
	at org.h2.command.Parser.parseSelectUnion(Parser.java:1681)
	at org.h2.command.Parser.parseSelect(Parser.java:1669)
	at org.h2.command.Parser.parsePrepared(Parser.java:433)
	at org.h2.command.Parser.parse(Parser.java:305)
	at org.h2.command.Parser.parse(Parser.java:277)
	at org.h2.command.Parser.prepareCommand(Parser.java:242)
	at org.h2.engine.Session.prepareLocal(Session.java:446)
	at org.h2.engine.Session.prepareCommand(Session.java:388)
	at org.h2.jdbc.JdbcConnection.prepareCommand(JdbcConnection.java:1189)
	at org.h2.jdbc.JdbcPreparedStatement.<init>(JdbcPreparedStatement.java:72)
	at org.h2.jdbc.JdbcConnection.prepareStatement(JdbcConnection.java:277)
	at com.jolbox.bonecp.ConnectionHandle.prepareStatement(ConnectionHandle.java:1024)
	at org.springframework.jdbc.core.JdbcTemplate$SimplePreparedStatementCreator.createPreparedStatement(JdbcTemplate.java:1557)
	at org.springframework.jdbc.core.JdbcTemplate.execute(JdbcTemplate.java:638)
	... 74 common frames omitted

2015-03-25 02:57:36.270  INFO 42252 --- [Thread-1] ationConfigEmbeddedWebApplicationContext : Closing org.springframework.boot.context.embedded.AnnotationConfigEmbeddedWebApplicationContext@5db972d9: startup date [Wed Mar 25 02:48:00 CST 2015]; root of context hierarchy
2015-03-25 02:57:36.293  INFO 42252 --- [Thread-1] o.s.c.support.DefaultLifecycleProcessor  : Stopping beans in phase 2147483647
2015-03-25 02:57:36.311  INFO 42252 --- [Thread-1] o.s.m.s.b.SimpleBrokerMessageHandler     : Stopping...
2015-03-25 02:57:36.312  INFO 42252 --- [Thread-1] o.s.m.s.b.SimpleBrokerMessageHandler     : BrokerAvailabilityEvent[available=false, SimpleBroker[DefaultSubscriptionRegistry[cache[0 destination(s)], registry[0 sessions]]]]
2015-03-25 02:57:36.313  INFO 42252 --- [Thread-1] o.s.m.s.b.SimpleBrokerMessageHandler     : Stopped.
2015-03-25 02:57:36.314  INFO 42252 --- [Thread-1] o.s.j.e.a.AnnotationMBeanExporter        : Unregistering JMX-exposed beans on shutdown
2015-03-25 02:57:36.315  INFO 42252 --- [Thread-1] o.s.j.e.a.AnnotationMBeanExporter        : Unregistering JMX-exposed beans
2015-03-25 02:57:36.325  INFO 42252 --- [Thread-1] o.s.s.concurrent.ThreadPoolTaskExecutor  : Shutting down ExecutorService 'brokerChannelExecutor'
2015-03-25 02:57:36.326  INFO 42252 --- [Thread-1] o.s.s.c.ThreadPoolTaskScheduler          : Shutting down ExecutorService 'messageBrokerSockJsTaskScheduler'
2015-03-25 02:57:36.328  INFO 42252 --- [Thread-1] o.s.s.concurrent.ThreadPoolTaskExecutor  : Shutting down ExecutorService 'clientOutboundChannelExecutor'
2015-03-25 02:57:36.328  INFO 42252 --- [Thread-1] o.s.s.concurrent.ThreadPoolTaskExecutor  : Shutting down ExecutorService 'clientInboundChannelExecutor'
2015-03-25 02:57:36.336  INFO 42252 --- [Thread-1] com.jolbox.bonecp.BoneCP                 : Shutting down connection pool...
2015-03-25 02:57:36.350  INFO 42252 --- [Thread-1] com.jolbox.bonecp.BoneCP                 : Connection pool has been shutdown.
2015-03-26 03:56:47.287  INFO 43100 --- [main] com.gaming.ce.user.Application           : Starting Application on mactekiair with PID 43100 (/Users/hulian/git/ce/user/target/test-classes started by hulian in /Users/hulian/git/ce/user)
2015-03-26 03:56:47.378  INFO 43100 --- [main] ationConfigEmbeddedWebApplicationContext : Refreshing org.springframework.boot.context.embedded.AnnotationConfigEmbeddedWebApplicationContext@e3d60c4: startup date [Thu Mar 26 03:56:47 CST 2015]; root of context hierarchy
2015-03-26 03:56:48.809  INFO 43100 --- [main] o.s.b.f.s.DefaultListableBeanFactory     : Overriding bean definition for bean 'requestMappingHandlerAdapter': replacing [Root bean: class [null]; scope=; abstract=false; lazyInit=false; autowireMode=3; dependencyCheck=0; autowireCandidate=true; primary=false; factoryBeanName=org.springframework.web.servlet.config.annotation.DelegatingWebMvcConfiguration; factoryMethodName=requestMappingHandlerAdapter; initMethodName=null; destroyMethodName=(inferred); defined in class path resource [org/springframework/web/servlet/config/annotation/DelegatingWebMvcConfiguration.class]] with [Root bean: class [null]; scope=; abstract=false; lazyInit=false; autowireMode=3; dependencyCheck=0; autowireCandidate=true; primary=false; factoryBeanName=org.springframework.boot.autoconfigure.web.WebMvcAutoConfiguration$EnableWebMvcConfiguration; factoryMethodName=requestMappingHandlerAdapter; initMethodName=null; destroyMethodName=(inferred); defined in class path resource [org/springframework/boot/autoconfigure/web/WebMvcAutoConfiguration$EnableWebMvcConfiguration.class]]
2015-03-26 03:56:48.810  INFO 43100 --- [main] o.s.b.f.s.DefaultListableBeanFactory     : Overriding bean definition for bean 'requestMappingHandlerMapping': replacing [Root bean: class [null]; scope=; abstract=false; lazyInit=false; autowireMode=3; dependencyCheck=0; autowireCandidate=true; primary=false; factoryBeanName=org.springframework.web.servlet.config.annotation.DelegatingWebMvcConfiguration; factoryMethodName=requestMappingHandlerMapping; initMethodName=null; destroyMethodName=(inferred); defined in class path resource [org/springframework/web/servlet/config/annotation/DelegatingWebMvcConfiguration.class]] with [Root bean: class [null]; scope=; abstract=false; lazyInit=false; autowireMode=3; dependencyCheck=0; autowireCandidate=true; primary=true; factoryBeanName=org.springframework.boot.autoconfigure.web.WebMvcAutoConfiguration$EnableWebMvcConfiguration; factoryMethodName=requestMappingHandlerMapping; initMethodName=null; destroyMethodName=(inferred); defined in class path resource [org/springframework/boot/autoconfigure/web/WebMvcAutoConfiguration$EnableWebMvcConfiguration.class]]
2015-03-26 03:56:50.132  INFO 43100 --- [main] trationDelegate$BeanPostProcessorChecker : Bean 'org.springframework.scheduling.annotation.ProxyAsyncConfiguration' of type [class org.springframework.scheduling.annotation.ProxyAsyncConfiguration$$EnhancerBySpringCGLIB$$9927da46] is not eligible for getting processed by all BeanPostProcessors (for example: not eligible for auto-proxying)
2015-03-26 03:56:50.407  INFO 43100 --- [main] trationDelegate$BeanPostProcessorChecker : Bean 'org.springframework.cache.annotation.ProxyCachingConfiguration' of type [class org.springframework.cache.annotation.ProxyCachingConfiguration$$EnhancerBySpringCGLIB$$e9612c63] is not eligible for getting processed by all BeanPostProcessors (for example: not eligible for auto-proxying)
2015-03-26 03:56:50.433  INFO 43100 --- [main] trationDelegate$BeanPostProcessorChecker : Bean 'cacheOperationSource' of type [class org.springframework.cache.annotation.AnnotationCacheOperationSource] is not eligible for getting processed by all BeanPostProcessors (for example: not eligible for auto-proxying)
2015-03-26 03:56:50.444  INFO 43100 --- [main] trationDelegate$BeanPostProcessorChecker : Bean 'cacheInterceptor' of type [class org.springframework.cache.interceptor.CacheInterceptor] is not eligible for getting processed by all BeanPostProcessors (for example: not eligible for auto-proxying)
2015-03-26 03:56:50.452  INFO 43100 --- [main] trationDelegate$BeanPostProcessorChecker : Bean 'org.springframework.cache.config.internalCacheAdvisor' of type [class org.springframework.cache.interceptor.BeanFactoryCacheOperationSourceAdvisor] is not eligible for getting processed by all BeanPostProcessors (for example: not eligible for auto-proxying)
2015-03-26 03:56:50.473  INFO 43100 --- [main] trationDelegate$BeanPostProcessorChecker : Bean 'org.springframework.transaction.annotation.ProxyTransactionManagementConfiguration' of type [class org.springframework.transaction.annotation.ProxyTransactionManagementConfiguration$$EnhancerBySpringCGLIB$$82036205] is not eligible for getting processed by all BeanPostProcessors (for example: not eligible for auto-proxying)
2015-03-26 03:56:50.501  INFO 43100 --- [main] trationDelegate$BeanPostProcessorChecker : Bean 'transactionAttributeSource' of type [class org.springframework.transaction.annotation.AnnotationTransactionAttributeSource] is not eligible for getting processed by all BeanPostProcessors (for example: not eligible for auto-proxying)
2015-03-26 03:56:50.516  INFO 43100 --- [main] trationDelegate$BeanPostProcessorChecker : Bean 'transactionInterceptor' of type [class org.springframework.transaction.interceptor.TransactionInterceptor] is not eligible for getting processed by all BeanPostProcessors (for example: not eligible for auto-proxying)
2015-03-26 03:56:50.522  INFO 43100 --- [main] trationDelegate$BeanPostProcessorChecker : Bean 'org.springframework.transaction.config.internalTransactionAdvisor' of type [class org.springframework.transaction.interceptor.BeanFactoryTransactionAttributeSourceAdvisor] is not eligible for getting processed by all BeanPostProcessors (for example: not eligible for auto-proxying)
2015-03-26 03:56:52.592  WARN 43100 --- [main] io.undertow.websockets.jsr               : UT026009: XNIO worker was not set on WebSocketDeploymentInfo, the default worker will be used
2015-03-26 03:56:52.619  INFO 43100 --- [main] org.xnio                                 : XNIO version 3.3.0.Final
2015-03-26 03:56:52.753  INFO 43100 --- [main] org.xnio.nio                             : XNIO NIO Implementation Version 3.3.0.Final
2015-03-26 03:56:52.839  WARN 43100 --- [main] io.undertow.websockets.jsr               : UT026010: Buffer pool was not set on WebSocketDeploymentInfo, the default pool will be used
2015-03-26 03:56:52.893  INFO 43100 --- [main] io.undertow.servlet                      : Initializing Spring embedded WebApplicationContext
2015-03-26 03:56:52.895  INFO 43100 --- [main] o.s.web.context.ContextLoader            : Root WebApplicationContext: initialization completed in 5521 ms
2015-03-26 03:56:53.197  INFO 43100 --- [main] o.s.b.c.e.ServletRegistrationBean        : Mapping servlet: 'dispatcherServlet' to [/]
2015-03-26 03:56:53.210  INFO 43100 --- [main] o.s.b.c.embedded.FilterRegistrationBean  : Mapping filter: 'characterEncodingFilter' to: [/*]
2015-03-26 03:56:53.671  INFO 43100 --- [main] s.w.s.m.m.a.RequestMappingHandlerMapping : Mapped "{[/authentication/login],methods=[POST],params=[],headers=[],consumes=[],produces=[],custom=[]}" onto public com.gaming.ce.common.Code com.gaming.ce.user.controller.AuthenticationController.login(java.lang.String,java.lang.String,javax.servlet.http.HttpServletRequest,javax.servlet.http.HttpServletResponse)
2015-03-26 03:56:53.671  INFO 43100 --- [main] s.w.s.m.m.a.RequestMappingHandlerMapping : Mapped "{[/authentication/logout],methods=[POST],params=[],headers=[],consumes=[],produces=[],custom=[]}" onto public com.gaming.ce.common.Code com.gaming.ce.user.controller.AuthenticationController.logout(javax.servlet.http.HttpServletRequest,javax.servlet.http.HttpServletResponse)
2015-03-26 03:56:53.673  INFO 43100 --- [main] s.w.s.m.m.a.RequestMappingHandlerMapping : Mapped "{[/captcha/check],methods=[GET],params=[],headers=[],consumes=[],produces=[],custom=[]}" onto public com.gaming.ce.common.Code com.gaming.ce.user.controller.CaptchaController.value(javax.servlet.http.HttpServletRequest,javax.servlet.http.HttpServletResponse,java.lang.String,java.lang.String) throws java.io.IOException
2015-03-26 03:56:53.674  INFO 43100 --- [main] s.w.s.m.m.a.RequestMappingHandlerMapping : Mapped "{[/captcha/image],methods=[GET],params=[],headers=[],consumes=[],produces=[image/jpeg],custom=[]}" onto public org.springframework.http.ResponseEntity<[B> com.gaming.ce.user.controller.CaptchaController.guest(javax.servlet.http.HttpServletRequest,javax.servlet.http.HttpServletResponse) throws java.io.IOException
2015-03-26 03:56:53.674  INFO 43100 --- [main] s.w.s.m.m.a.RequestMappingHandlerMapping : Mapped "{[/hello],methods=[],params=[],headers=[],consumes=[],produces=[],custom=[]}" onto public com.gaming.ce.user.controller.Greeting com.gaming.ce.user.controller.GreetingController.greeting(com.gaming.ce.user.controller.HelloMessage) throws java.lang.Exception
2015-03-26 03:56:53.676  INFO 43100 --- [main] s.w.s.m.m.a.RequestMappingHandlerMapping : Mapped "{[/register/regist],methods=[POST],params=[],headers=[],consumes=[],produces=[],custom=[]}" onto public org.springframework.http.ResponseEntity<java.lang.Void> com.gaming.ce.user.controller.RegisterController.regist(java.lang.String,java.lang.String)
2015-03-26 03:56:53.681  INFO 43100 --- [main] s.w.s.m.m.a.RequestMappingHandlerMapping : Mapped "{[/api-docs/{swaggerGroup}/{apiDeclaration}],methods=[GET],params=[],headers=[],consumes=[],produces=[],custom=[]}" onto public org.springframework.http.ResponseEntity<com.mangofactory.swagger.models.dto.ApiListing> com.mangofactory.swagger.controllers.DefaultSwaggerController.getApiListing(java.lang.String,java.lang.String)
2015-03-26 03:56:53.683  INFO 43100 --- [main] s.w.s.m.m.a.RequestMappingHandlerMapping : Mapped "{[/api-docs],methods=[GET],params=[],headers=[],consumes=[],produces=[],custom=[]}" onto public org.springframework.http.ResponseEntity<com.mangofactory.swagger.models.dto.ResourceListing> com.mangofactory.swagger.controllers.DefaultSwaggerController.getResourceListing(java.lang.String)
2015-03-26 03:56:53.995  INFO 43100 --- [main] s.w.s.m.m.a.RequestMappingHandlerAdapter : Looking for @ControllerAdvice: org.springframework.boot.context.embedded.AnnotationConfigEmbeddedWebApplicationContext@e3d60c4: startup date [Thu Mar 26 03:56:47 CST 2015]; root of context hierarchy
2015-03-26 03:56:54.090  INFO 43100 --- [main] o.s.w.s.c.a.WebMvcConfigurerAdapter      : Adding welcome page: file:/Users/hulian/git/ce/user/static/index.html
2015-03-26 03:56:54.110  INFO 43100 --- [main] o.s.w.s.handler.SimpleUrlHandlerMapping  : Root mapping to handler of type [class org.springframework.web.servlet.mvc.ParameterizableViewController]
2015-03-26 03:56:54.131  INFO 43100 --- [main] o.s.w.s.handler.SimpleUrlHandlerMapping  : Mapped URL path [/**] onto handler of type [class org.springframework.web.servlet.resource.ResourceHttpRequestHandler]
2015-03-26 03:56:54.132  INFO 43100 --- [main] o.s.w.s.handler.SimpleUrlHandlerMapping  : Mapped URL path [/webjars/**] onto handler of type [class org.springframework.web.servlet.resource.ResourceHttpRequestHandler]
2015-03-26 03:56:54.198  INFO 43100 --- [main] o.s.w.s.handler.SimpleUrlHandlerMapping  : Mapped URL path [/**/favicon.ico] onto handler of type [class org.springframework.web.servlet.resource.ResourceHttpRequestHandler]
2015-03-26 03:56:54.294  INFO 43100 --- [main] o.s.s.concurrent.ThreadPoolTaskExecutor  : Initializing ExecutorService  'clientInboundChannelExecutor'
2015-03-26 03:56:54.313  INFO 43100 --- [main] o.s.s.concurrent.ThreadPoolTaskExecutor  : Initializing ExecutorService  'clientOutboundChannelExecutor'
2015-03-26 03:56:54.347  INFO 43100 --- [main] o.s.s.c.ThreadPoolTaskScheduler          : Initializing ExecutorService  'messageBrokerSockJsTaskScheduler'
2015-03-26 03:56:54.458  INFO 43100 --- [main] o.s.w.s.handler.SimpleUrlHandlerMapping  : Mapped URL path [/hello/**] onto handler of type [class org.springframework.web.socket.sockjs.support.SockJsHttpRequestHandler]
2015-03-26 03:56:54.488  INFO 43100 --- [main] o.s.s.concurrent.ThreadPoolTaskExecutor  : Initializing ExecutorService  'brokerChannelExecutor'
2015-03-26 03:56:54.549  INFO 43100 --- [main] s.a.s.SimpAnnotationMethodMessageHandler : Mapped "{[/hello],messageType=[MESSAGE]}" onto public com.gaming.ce.user.controller.Greeting com.gaming.ce.user.controller.GreetingController.greeting(com.gaming.ce.user.controller.HelloMessage) throws java.lang.Exception
2015-03-26 03:56:54.823  INFO 43100 --- [main] o.s.j.e.a.AnnotationMBeanExporter        : Registering beans for JMX exposure on startup
2015-03-26 03:56:54.827  INFO 43100 --- [main] o.s.j.e.a.AnnotationMBeanExporter        : Bean with name 'dataSource' has been autodetected for JMX exposure
2015-03-26 03:56:54.836  INFO 43100 --- [main] o.s.j.e.a.AnnotationMBeanExporter        : Located MBean 'dataSource': registering with JMX server as MBean [com.jolbox.bonecp:name=dataSource,type=BoneCPDataSource]
2015-03-26 03:56:54.843  INFO 43100 --- [main] o.s.c.support.DefaultLifecycleProcessor  : Starting beans in phase 2147483647
2015-03-26 03:56:54.844  INFO 43100 --- [main] o.s.m.s.b.SimpleBrokerMessageHandler     : Starting...
2015-03-26 03:56:54.845  INFO 43100 --- [main] o.s.m.s.b.SimpleBrokerMessageHandler     : BrokerAvailabilityEvent[available=true, SimpleBroker[DefaultSubscriptionRegistry[cache[0 destination(s)], registry[0 sessions]]]]
2015-03-26 03:56:54.845  INFO 43100 --- [main] o.s.m.s.b.SimpleBrokerMessageHandler     : Started.
2015-03-26 03:56:54.871  INFO 43100 --- [main] c.m.swagger.plugin.SwaggerPluginAdapter  : Context refreshed
2015-03-26 03:56:54.873  INFO 43100 --- [main] c.m.swagger.plugin.SwaggerPluginAdapter  : Found custom SwaggerSpringMvcPlugins
2015-03-26 03:56:54.873  INFO 43100 --- [main] c.m.swagger.plugin.SwaggerPluginAdapter  : initializing plugin bean customImplementation
2015-03-26 03:56:54.893  INFO 43100 --- [main] c.m.s.s.ApiListingReferenceScanner       : Scanning for api listing references
2015-03-26 03:56:54.900  INFO 43100 --- [main] s.c.ClassOrApiAnnotationResourceGrouping : Group for method login was authentication
2015-03-26 03:56:54.904  INFO 43100 --- [main] c.m.s.s.ApiListingReferenceScanner       : Request mapping: login belongs to groups: [[ResourceGroup{groupName='authentication', position=0}]] 
2015-03-26 03:56:54.904  INFO 43100 --- [main] c.m.s.s.ApiListingReferenceScanner       : Adding resource to group:ResourceGroup{groupName='authentication', position=0} with description:登录 for handler method:login
2015-03-26 03:56:54.905  INFO 43100 --- [main] s.c.ClassOrApiAnnotationResourceGrouping : Group for method logout was authentication
2015-03-26 03:56:54.906  INFO 43100 --- [main] c.m.s.s.ApiListingReferenceScanner       : Request mapping: logout belongs to groups: [[ResourceGroup{groupName='authentication', position=0}]] 
2015-03-26 03:56:54.907  INFO 43100 --- [main] c.m.s.s.ApiListingReferenceScanner       : Adding resource to group:ResourceGroup{groupName='authentication', position=0} with description:登录 for handler method:logout
2015-03-26 03:56:54.908  INFO 43100 --- [main] s.c.ClassOrApiAnnotationResourceGrouping : Group for method value was captcha
2015-03-26 03:56:54.909  INFO 43100 --- [main] c.m.s.s.ApiListingReferenceScanner       : Request mapping: value belongs to groups: [[ResourceGroup{groupName='captcha', position=0}]] 
2015-03-26 03:56:54.909  INFO 43100 --- [main] c.m.s.s.ApiListingReferenceScanner       : Adding resource to group:ResourceGroup{groupName='captcha', position=0} with description:验证码 for handler method:value
2015-03-26 03:56:54.910  INFO 43100 --- [main] s.c.ClassOrApiAnnotationResourceGrouping : Group for method guest was captcha
2015-03-26 03:56:54.911  INFO 43100 --- [main] c.m.s.s.ApiListingReferenceScanner       : Request mapping: guest belongs to groups: [[ResourceGroup{groupName='captcha', position=0}]] 
2015-03-26 03:56:54.912  INFO 43100 --- [main] c.m.s.s.ApiListingReferenceScanner       : Adding resource to group:ResourceGroup{groupName='captcha', position=0} with description:验证码 for handler method:guest
2015-03-26 03:56:54.913  INFO 43100 --- [main] s.c.ClassOrApiAnnotationResourceGrouping : Group for method greeting was greeting-controller
2015-03-26 03:56:54.913  INFO 43100 --- [main] c.m.s.s.ApiListingReferenceScanner       : Request mapping: greeting belongs to groups: [[ResourceGroup{groupName='greeting-controller', position=0}]] 
2015-03-26 03:56:54.914  INFO 43100 --- [main] c.m.s.s.ApiListingReferenceScanner       : Adding resource to group:ResourceGroup{groupName='greeting-controller', position=0} with description:Greeting Controller for handler method:greeting
2015-03-26 03:56:54.915  INFO 43100 --- [main] s.c.ClassOrApiAnnotationResourceGrouping : Group for method regist was register
2015-03-26 03:56:54.916  INFO 43100 --- [main] c.m.s.s.ApiListingReferenceScanner       : Request mapping: regist belongs to groups: [[ResourceGroup{groupName='register', position=0}]] 
2015-03-26 03:56:54.916  INFO 43100 --- [main] c.m.s.s.ApiListingReferenceScanner       : Adding resource to group:ResourceGroup{groupName='register', position=0} with description:注册 for handler method:regist
2015-03-26 03:56:54.916  INFO 43100 --- [main] c.m.s.core.RequestMappingEvaluator       : Excluding method as it contains the excluded annotation: interface com.mangofactory.swagger.annotations.ApiIgnore
2015-03-26 03:56:54.917  INFO 43100 --- [main] c.m.s.core.RequestMappingEvaluator       : Excluding method as it contains the excluded annotation: interface com.mangofactory.swagger.annotations.ApiIgnore
2015-03-26 03:56:54.929  INFO 43100 --- [main] c.m.s.s.ApiListingReferenceScanner       : Created resource listing Path: /default/captcha Description: captcha Position: 0
2015-03-26 03:56:54.930  INFO 43100 --- [main] c.m.s.s.ApiListingReferenceScanner       : Created resource listing Path: /default/authentication Description: authentication Position: 0
2015-03-26 03:56:54.930  INFO 43100 --- [main] c.m.s.s.ApiListingReferenceScanner       : Created resource listing Path: /default/register Description: register Position: 0
2015-03-26 03:56:54.931  INFO 43100 --- [main] c.m.s.s.ApiListingReferenceScanner       : Created resource listing Path: /default/greeting-controller Description: greeting-controller Position: 0
2015-03-26 03:56:55.036  INFO 43100 --- [main] c.m.s.r.operation.OperationAuthReader    : Authorization count value for method 0
2015-03-26 03:56:55.215  INFO 43100 --- [main] c.m.s.r.operation.OperationAuthReader    : Authorization count guest for method 0
2015-03-26 03:56:55.272  INFO 43100 --- [main] c.m.s.r.operation.OperationAuthReader    : Authorization count login for method 0
2015-03-26 03:56:55.296  INFO 43100 --- [main] c.m.s.r.operation.OperationAuthReader    : Authorization count logout for method 0
2015-03-26 03:56:55.314  INFO 43100 --- [main] c.m.s.r.operation.OperationAuthReader    : Authorization count regist for method 0
2015-03-26 03:56:55.327  INFO 43100 --- [main] c.m.s.r.operation.OperationAuthReader    : Authorization count greeting for method 0
2015-03-26 03:56:55.330  INFO 43100 --- [main] c.m.s.r.operation.OperationAuthReader    : Authorization count greeting for method 0
2015-03-26 03:56:55.332  INFO 43100 --- [main] c.m.s.r.operation.OperationAuthReader    : Authorization count greeting for method 0
2015-03-26 03:56:55.335  INFO 43100 --- [main] c.m.s.r.operation.OperationAuthReader    : Authorization count greeting for method 0
2015-03-26 03:56:55.337  INFO 43100 --- [main] c.m.s.r.operation.OperationAuthReader    : Authorization count greeting for method 0
2015-03-26 03:56:55.339  INFO 43100 --- [main] c.m.s.r.operation.OperationAuthReader    : Authorization count greeting for method 0
2015-03-26 03:56:55.342  INFO 43100 --- [main] c.m.s.r.operation.OperationAuthReader    : Authorization count greeting for method 0
2015-03-26 03:56:55.344  INFO 43100 --- [main] c.m.s.r.operation.OperationAuthReader    : Authorization count greeting for method 0
2015-03-26 03:56:55.352  INFO 43100 --- [main] c.m.s.core.SwaggerApiResourceListing     : Added a resource listing with (4) api resources: 
2015-03-26 03:56:55.353  INFO 43100 --- [main] c.m.s.core.SwaggerApiResourceListing     :   登录 at location: /api-docs/default/authentication
2015-03-26 03:56:55.355  INFO 43100 --- [main] c.m.s.core.SwaggerApiResourceListing     :   验证码 at location: /api-docs/default/captcha
2015-03-26 03:56:55.357  INFO 43100 --- [main] c.m.s.core.SwaggerApiResourceListing     :   Greeting Controller at location: /api-docs/default/greeting-controller
2015-03-26 03:56:55.357  INFO 43100 --- [main] c.m.s.core.SwaggerApiResourceListing     :   注册 at location: /api-docs/default/register
2015-03-26 03:56:55.499  INFO 43100 --- [main] b.c.e.u.UndertowEmbeddedServletContainer : Undertow started on port(s) 8081 (http)
2015-03-26 03:56:55.504  INFO 43100 --- [main] com.gaming.ce.user.Application           : Started Application in 8.898 seconds (JVM running for 9.686)
2015-03-26 03:56:59.971  INFO 43100 --- [Thread-1] ationConfigEmbeddedWebApplicationContext : Closing org.springframework.boot.context.embedded.AnnotationConfigEmbeddedWebApplicationContext@e3d60c4: startup date [Thu Mar 26 03:56:47 CST 2015]; root of context hierarchy
2015-03-26 03:56:59.973  INFO 43100 --- [Thread-1] o.s.c.support.DefaultLifecycleProcessor  : Stopping beans in phase 2147483647
2015-03-26 03:56:59.976  INFO 43100 --- [Thread-1] o.s.m.s.b.SimpleBrokerMessageHandler     : Stopping...
2015-03-26 03:56:59.976  INFO 43100 --- [Thread-1] o.s.m.s.b.SimpleBrokerMessageHandler     : BrokerAvailabilityEvent[available=false, SimpleBroker[DefaultSubscriptionRegistry[cache[0 destination(s)], registry[0 sessions]]]]
2015-03-26 03:56:59.976  INFO 43100 --- [Thread-1] o.s.m.s.b.SimpleBrokerMessageHandler     : Stopped.
2015-03-26 03:56:59.979  INFO 43100 --- [Thread-1] o.s.j.e.a.AnnotationMBeanExporter        : Unregistering JMX-exposed beans on shutdown
2015-03-26 03:56:59.979  INFO 43100 --- [Thread-1] o.s.j.e.a.AnnotationMBeanExporter        : Unregistering JMX-exposed beans
2015-03-26 03:56:59.983  INFO 43100 --- [Thread-1] o.s.s.concurrent.ThreadPoolTaskExecutor  : Shutting down ExecutorService 'brokerChannelExecutor'
2015-03-26 03:56:59.984  INFO 43100 --- [Thread-1] o.s.s.c.ThreadPoolTaskScheduler          : Shutting down ExecutorService 'messageBrokerSockJsTaskScheduler'
2015-03-26 03:56:59.984  INFO 43100 --- [Thread-1] o.s.s.concurrent.ThreadPoolTaskExecutor  : Shutting down ExecutorService 'clientOutboundChannelExecutor'
2015-03-26 03:56:59.985  INFO 43100 --- [Thread-1] o.s.s.concurrent.ThreadPoolTaskExecutor  : Shutting down ExecutorService 'clientInboundChannelExecutor'
